{"uid":"715419f7ed1c352b","name":"Unsuccesful Login as User","fullName":"Tests/Features/Log In to Leadexec/Unsuccesful Login as User","historyId":"293414a824977fbb1aa22e13f431766a","time":{"start":1711837966449,"stop":1711837966450,"duration":1},"status":"broken","statusMessage":"The given key 'LeadData' was not present in the dictionary.","statusTrace":"System.Collections.Generic.KeyNotFoundException: The given key 'LeadData' was not present in the dictionary.\n   at System.Collections.Generic.Dictionary`2.get_Item(TKey key)\n   at TestSolution.Hooks.Hooks.DeleteCampaignAndLead(ScenarioContext scenarioContext) in /home/runner/work/ClickPointAF/ClickPointAF/Tests/Hooks/Hooks.cs:line 155\n   at TechTalk.SpecFlow.Bindings.BindingInvoker.InvokeBinding(IBinding binding, IContextManager contextManager, Object[] arguments, ITestTracer testTracer, TimeSpan& duration)\n   at Allure.SpecFlowPlugin.AllureBindingInvoker.CallBaseInvokeBinding(IBinding binding, IContextManager contextManager, Object[] arguments, ITestTracer testTracer)\n   at Allure.SpecFlowPlugin.AllureBindingInvoker.MakeFixtureFromScenarioHook(Action`2 callLastHook, Action`1 startFixture, IBinding binding, IContextManager contextManager, Object[] arguments, ITestTracer testTracer, HookBinding hook)","flaky":true,"newFailed":false,"newBroken":true,"newPassed":false,"retriesCount":0,"retriesStatusChange":false,"beforeStages":[{"name":"logBeforeFeatureExecution [10000]","time":{"start":1711837846427,"stop":1711837846427,"duration":0},"status":"passed","steps":[],"attachments":[],"parameters":[],"shouldDisplayMessage":false,"stepsCount":0,"attachmentsCount":0,"hasContent":false,"attachmentStep":false},{"name":"logBeforeScenarioExecution [0]","time":{"start":1711837906441,"stop":1711837906441,"duration":0},"status":"passed","steps":[],"attachments":[],"parameters":[],"shouldDisplayMessage":false,"stepsCount":0,"attachmentsCount":0,"hasContent":false,"attachmentStep":false},{"name":"BeforeScenario [1]","time":{"start":1711837906441,"stop":1711837966449,"duration":60008},"status":"broken","statusMessage":"The HTTP request to the remote WebDriver server for URL http://localhost:4444/session timed out after 60 seconds. -> The request was canceled due to the configured HttpClient.Timeout of 60 seconds elapsing. -> The operation was canceled. -> The operation was canceled. -> Unable to read data from the transport connection: Operation canceled. -> Operation canceled","statusTrace":"OpenQA.Selenium.WebDriverException: The HTTP request to the remote WebDriver server for URL http://localhost:4444/session timed out after 60 seconds.\n ---> System.Threading.Tasks.TaskCanceledException: The request was canceled due to the configured HttpClient.Timeout of 60 seconds elapsing.\n ---> System.TimeoutException: The operation was canceled.\n ---> System.Threading.Tasks.TaskCanceledException: The operation was canceled.\n ---> System.IO.IOException: Unable to read data from the transport connection: Operation canceled.\n ---> System.Net.Sockets.SocketException (125): Operation canceled\n   --- End of inner exception stack trace ---\n   at System.Net.Sockets.Socket.AwaitableSocketAsyncEventArgs.ThrowException(SocketError error, CancellationToken cancellationToken)\n   at System.Net.Sockets.Socket.AwaitableSocketAsyncEventArgs.System.Threading.Tasks.Sources.IValueTaskSource<System.Int32>.GetResult(Int16 token)\n   at System.Net.Http.HttpConnection.InitialFillAsync(Boolean async)\n   at System.Net.Http.HttpConnection.SendAsyncCore(HttpRequestMessage request, Boolean async, CancellationToken cancellationToken)\n   --- End of inner exception stack trace ---\n   at System.Net.Http.HttpConnection.SendAsyncCore(HttpRequestMessage request, Boolean async, CancellationToken cancellationToken)\n   at System.Net.Http.HttpConnectionPool.SendWithVersionDetectionAndRetryAsync(HttpRequestMessage request, Boolean async, Boolean doRequestAuth, CancellationToken cancellationToken)\n   at System.Net.Http.RedirectHandler.SendAsync(HttpRequestMessage request, Boolean async, CancellationToken cancellationToken)\n   at System.Net.Http.HttpClient.<SendAsync>g__Core|83_0(HttpRequestMessage request, HttpCompletionOption completionOption, CancellationTokenSource cts, Boolean disposeCts, CancellationTokenSource pendingRequestsCts, CancellationToken originalCancellationToken)\n   --- End of inner exception stack trace ---\n   --- End of inner exception stack trace ---\n   at System.Net.Http.HttpClient.HandleFailure(Exception e, Boolean telemetryStarted, HttpResponseMessage response, CancellationTokenSource cts, CancellationToken cancellationToken, CancellationTokenSource pendingRequestsCts)\n   at System.Net.Http.HttpClient.<SendAsync>g__Core|83_0(HttpRequestMessage request, HttpCompletionOption completionOption, CancellationTokenSource cts, Boolean disposeCts, CancellationTokenSource pendingRequestsCts, CancellationToken originalCancellationToken)\n   at OpenQA.Selenium.Remote.HttpCommandExecutor.MakeHttpRequest(HttpRequestInfo requestInfo)\n   at OpenQA.Selenium.Remote.HttpCommandExecutor.<>c__DisplayClass33_0.<<Execute>b__0>d.MoveNext()\n--- End of stack trace from previous location ---\n   at OpenQA.Selenium.Remote.HttpCommandExecutor.Execute(Command commandToExecute)\n   --- End of inner exception stack trace ---\n   at OpenQA.Selenium.Remote.HttpCommandExecutor.Execute(Command commandToExecute)\n   at OpenQA.Selenium.WebDriver.Execute(String driverCommandToExecute, Dictionary`2 parameters)\n   at OpenQA.Selenium.WebDriver.StartSession(ICapabilities capabilities)\n   at OpenQA.Selenium.WebDriver..ctor(ICommandExecutor executor, ICapabilities capabilities)\n   at OpenQA.Selenium.Remote.RemoteWebDriver..ctor(ICommandExecutor commandExecutor, ICapabilities capabilities)\n   at OpenQA.Selenium.Remote.RemoteWebDriver..ctor(Uri remoteAddress, ICapabilities capabilities, TimeSpan commandTimeout)\n   at OpenQA.Selenium.Remote.RemoteWebDriver..ctor(Uri remoteAddress, ICapabilities capabilities)\n   at WebDriverProvider.Classes.WebDriverFactory.InstantiateRemoteWebDriver(DriverOptions options, String seleniumGridUrl) in /home/runner/work/ClickPointAF/ClickPointAF/WebDriverProvider/Classes/WebDriverFactory.cs:line 48\n   at WebDriverProvider.Classes.WebDriverFactory.InstantiateWebDriver() in /home/runner/work/ClickPointAF/ClickPointAF/WebDriverProvider/Classes/WebDriverFactory.cs:line 40\n   at WebDriverProvider.Classes.WebDriverFactory..ctor(IWebDriverConfiguration configuration) in /home/runner/work/ClickPointAF/ClickPointAF/WebDriverProvider/Classes/WebDriverFactory.cs:line 23\n   at TestSolution.Hooks.Hooks.BeforeScenario(ScenarioContext scenarioContext) in /home/runner/work/ClickPointAF/ClickPointAF/Tests/Hooks/Hooks.cs:line 75\n   at TechTalk.SpecFlow.Bindings.BindingInvoker.InvokeBinding(IBinding binding, IContextManager contextManager, Object[] arguments, ITestTracer testTracer, TimeSpan& duration)\n   at Allure.SpecFlowPlugin.AllureBindingInvoker.CallBaseInvokeBinding(IBinding binding, IContextManager contextManager, Object[] arguments, ITestTracer testTracer)\n   at Allure.SpecFlowPlugin.AllureBindingInvoker.MakeFixtureFromScenarioHook(Action`2 callLastHook, Action`1 startFixture, IBinding binding, IContextManager contextManager, Object[] arguments, ITestTracer testTracer, HookBinding hook)","steps":[],"attachments":[],"parameters":[],"shouldDisplayMessage":true,"stepsCount":0,"attachmentsCount":0,"hasContent":true,"attachmentStep":false}],"testStage":{"status":"broken","statusMessage":"The given key 'LeadData' was not present in the dictionary.","statusTrace":"System.Collections.Generic.KeyNotFoundException: The given key 'LeadData' was not present in the dictionary.\n   at System.Collections.Generic.Dictionary`2.get_Item(TKey key)\n   at TestSolution.Hooks.Hooks.DeleteCampaignAndLead(ScenarioContext scenarioContext) in /home/runner/work/ClickPointAF/ClickPointAF/Tests/Hooks/Hooks.cs:line 155\n   at TechTalk.SpecFlow.Bindings.BindingInvoker.InvokeBinding(IBinding binding, IContextManager contextManager, Object[] arguments, ITestTracer testTracer, TimeSpan& duration)\n   at Allure.SpecFlowPlugin.AllureBindingInvoker.CallBaseInvokeBinding(IBinding binding, IContextManager contextManager, Object[] arguments, ITestTracer testTracer)\n   at Allure.SpecFlowPlugin.AllureBindingInvoker.MakeFixtureFromScenarioHook(Action`2 callLastHook, Action`1 startFixture, IBinding binding, IContextManager contextManager, Object[] arguments, ITestTracer testTracer, HookBinding hook)","steps":[{"name":"Given  the user navigates to the landing page","time":{"start":1711837966449,"stop":1711837966449,"duration":0},"status":"skipped","steps":[],"attachments":[],"parameters":[],"shouldDisplayMessage":false,"stepsCount":0,"attachmentsCount":0,"hasContent":false,"attachmentStep":false},{"name":"When  the user inputs incorrect credentials to log in","time":{"start":1711837966449,"stop":1711837966449,"duration":0},"status":"skipped","steps":[],"attachments":[],"parameters":[],"shouldDisplayMessage":false,"stepsCount":0,"attachmentsCount":0,"hasContent":false,"attachmentStep":false},{"name":"Then  the user should not be succesfully logged in","time":{"start":1711837966449,"stop":1711837966449,"duration":0},"status":"skipped","steps":[],"attachments":[],"parameters":[],"shouldDisplayMessage":false,"stepsCount":0,"attachmentsCount":0,"hasContent":false,"attachmentStep":false}],"attachments":[],"parameters":[],"shouldDisplayMessage":true,"stepsCount":3,"attachmentsCount":0,"hasContent":true,"attachmentStep":false},"afterStages":[{"name":"DeleteCampaignAndLead [10000]","time":{"start":1711837966450,"stop":1711837966450,"duration":0},"status":"broken","statusMessage":"The given key 'LeadData' was not present in the dictionary.","statusTrace":"System.Collections.Generic.KeyNotFoundException: The given key 'LeadData' was not present in the dictionary.\n   at System.Collections.Generic.Dictionary`2.get_Item(TKey key)\n   at TestSolution.Hooks.Hooks.DeleteCampaignAndLead(ScenarioContext scenarioContext) in /home/runner/work/ClickPointAF/ClickPointAF/Tests/Hooks/Hooks.cs:line 155\n   at TechTalk.SpecFlow.Bindings.BindingInvoker.InvokeBinding(IBinding binding, IContextManager contextManager, Object[] arguments, ITestTracer testTracer, TimeSpan& duration)\n   at Allure.SpecFlowPlugin.AllureBindingInvoker.CallBaseInvokeBinding(IBinding binding, IContextManager contextManager, Object[] arguments, ITestTracer testTracer)\n   at Allure.SpecFlowPlugin.AllureBindingInvoker.MakeFixtureFromScenarioHook(Action`2 callLastHook, Action`1 startFixture, IBinding binding, IContextManager contextManager, Object[] arguments, ITestTracer testTracer, HookBinding hook)","steps":[],"attachments":[],"parameters":[],"shouldDisplayMessage":true,"stepsCount":0,"attachmentsCount":0,"hasContent":true,"attachmentStep":false}],"labels":[{"name":"thread","value":"NonParallelWorker"},{"name":"host","value":"fv-az914-414"},{"name":"language","value":"C#"},{"name":"framework","value":"SpecFlow"},{"name":"feature","value":"Log In to Leadexec"},{"name":"tag","value":"LogInFeature"},{"name":"resultFormat","value":"allure2"}],"parameters":[],"links":[],"hidden":false,"retry":false,"extra":{"severity":"normal","retries":[],"categories":[{"name":"Test defects","matchedStatuses":[],"flaky":false}],"history":{"statistic":{"failed":1,"broken":1,"skipped":0,"passed":2,"unknown":0,"total":4},"items":[{"uid":"3ca819eb75970c8e","reportUrl":"https://ClickPointAF.github.io/ClickPointAF/6//#testresult/3ca819eb75970c8e","status":"passed","time":{"start":1711816054920,"stop":1711816056423,"duration":1503}},{"uid":"353ee86c82dd79e4","reportUrl":"https://ClickPointAF.github.io/ClickPointAF/5//#testresult/353ee86c82dd79e4","status":"passed","time":{"start":1711814376070,"stop":1711814385021,"duration":8951}},{"uid":"7c344c0815a118cd","reportUrl":"https://ClickPointAF.github.io/ClickPointAF/4//#testresult/7c344c0815a118cd","status":"failed","statusDetails":"Unable to find the element BadLogInAlert. Element BadLogInAlert not found in view Navbar Page..","time":{"start":1711814159562,"stop":1711814163620,"duration":4058}}]},"tags":["LogInFeature"]},"source":"715419f7ed1c352b.json","parameterValues":[]}