{"uid":"885f3d9b32f22459","name":"Edit Price of a Campaign","fullName":"Tests/Features/Campaigns/Edit Price of a Campaign","historyId":"ee1282653b9098bd01e7ce7dc55bb072","time":{"start":1711837749969,"stop":1711837754700,"duration":4731},"status":"failed","statusMessage":"Unable to click the button after retry. First attempt: stale element reference: element is not attached to the page document\n  (Session info: chrome=109.0.5414.119); For documentation on this error, please visit: https://www.selenium.dev/documentation/webdriver/troubleshooting/errors#stale-element-reference-exception. Second attempt: element click intercepted: Element <a class=\"c-sidebar-nav-link small font-weight-bold py-2\" id=\"navItem_7\" title=\"Campaigns\" href=\"/LeadSources/Campaigns\">...</a> is not clickable at point (128, 505). Other element would receive the click: <div class=\"modal fade show\" id=\"leadSourceWelcomeDialog\" tabindex=\"-1\" role=\"dialog\" aria-labelledby=\"myModalLabel\" aria-modal=\"true\" style=\"display: block;\">...</div>\n  (Session info: chrome=109.0.5414.119). -> element click intercepted: Element <a class=\"c-sidebar-nav-link small font-weight-bold py-2\" id=\"navItem_7\" title=\"Campaigns\" href=\"/LeadSources/Campaigns\">...</a> is not clickable at point (128, 505). Other element would receive the click: <div class=\"modal fade show\" id=\"leadSourceWelcomeDialog\" tabindex=\"-1\" role=\"dialog\" aria-labelledby=\"myModalLabel\" aria-modal=\"true\" style=\"display: block;\">...</div>\n  (Session info: chrome=109.0.5414.119)","statusTrace":"System.Exception: Unable to click the button after retry. First attempt: stale element reference: element is not attached to the page document\n  (Session info: chrome=109.0.5414.119); For documentation on this error, please visit: https://www.selenium.dev/documentation/webdriver/troubleshooting/errors#stale-element-reference-exception. Second attempt: element click intercepted: Element <a class=\"c-sidebar-nav-link small font-weight-bold py-2\" id=\"navItem_7\" title=\"Campaigns\" href=\"/LeadSources/Campaigns\">...</a> is not clickable at point (128, 505). Other element would receive the click: <div class=\"modal fade show\" id=\"leadSourceWelcomeDialog\" tabindex=\"-1\" role=\"dialog\" aria-labelledby=\"myModalLabel\" aria-modal=\"true\" style=\"display: block;\">...</div>\n  (Session info: chrome=109.0.5414.119).\n ---> OpenQA.Selenium.ElementClickInterceptedException: element click intercepted: Element <a class=\"c-sidebar-nav-link small font-weight-bold py-2\" id=\"navItem_7\" title=\"Campaigns\" href=\"/LeadSources/Campaigns\">...</a> is not clickable at point (128, 505). Other element would receive the click: <div class=\"modal fade show\" id=\"leadSourceWelcomeDialog\" tabindex=\"-1\" role=\"dialog\" aria-labelledby=\"myModalLabel\" aria-modal=\"true\" style=\"display: block;\">...</div>\n  (Session info: chrome=109.0.5414.119)\n   at OpenQA.Selenium.WebDriver.UnpackAndThrowOnError(Response errorResponse, String commandToExecute)\n   at OpenQA.Selenium.WebDriver.Execute(String driverCommandToExecute, Dictionary`2 parameters)\n   at OpenQA.Selenium.WebElement.Click()\n   at ConfigurationProvider.Classes.Elements.Button.Click() in /home/runner/work/ClickPointAF/ClickPointAF/ConfigurationProvider/Elements/Button.cs:line 18\n   at System.Dynamic.UpdateDelegates.UpdateAndExecuteVoid1[T0](CallSite site, T0 arg0)\n   at TestSolution.PageObjects.BasePageObject.ClickButton(String elementName, String pageView, String[] arguments) in /home/runner/work/ClickPointAF/ClickPointAF/Tests/PageObjects/BasePageObject.cs:line 35\n   --- End of inner exception stack trace ---\n   at TestSolution.PageObjects.BasePageObject.ClickButton(String elementName, String pageView, String[] arguments) in /home/runner/work/ClickPointAF/ClickPointAF/Tests/PageObjects/BasePageObject.cs:line 39\n   at TestSolution.StepDefinitions.CommonSteps.GivenTheUserNavigatesToSection(String sectionName) in /home/runner/work/ClickPointAF/ClickPointAF/Tests/StepDefinitions/CommonStepDefinition.cs:line 14\n   at TechTalk.SpecFlow.Bindings.BindingInvoker.InvokeBinding(IBinding binding, IContextManager contextManager, Object[] arguments, ITestTracer testTracer, TimeSpan& duration)\n   at Allure.SpecFlowPlugin.AllureBindingInvoker.InvokeBinding(IBinding binding, IContextManager contextManager, Object[] arguments, ITestTracer testTracer, TimeSpan& duration)\n   at TechTalk.SpecFlow.Infrastructure.TestExecutionEngine.ExecuteStepMatch(BindingMatch match, Object[] arguments, TimeSpan& duration)\n   at TechTalk.SpecFlow.Infrastructure.TestExecutionEngine.ExecuteStep(IContextManager contextManager, StepInstance stepInstance)","flaky":false,"newFailed":false,"newBroken":false,"newPassed":false,"retriesCount":0,"retriesStatusChange":false,"beforeStages":[{"name":"logBeforeFeatureExecution [10000]","time":{"start":1711837731403,"stop":1711837731615,"duration":212},"status":"passed","steps":[],"attachments":[],"parameters":[],"shouldDisplayMessage":false,"stepsCount":0,"attachmentsCount":0,"hasContent":false,"attachmentStep":false},{"name":"logBeforeScenarioExecution [0]","time":{"start":1711837731635,"stop":1711837731637,"duration":2},"status":"passed","steps":[],"attachments":[],"parameters":[],"shouldDisplayMessage":false,"stepsCount":0,"attachmentsCount":0,"hasContent":false,"attachmentStep":false},{"name":"BeforeScenario [1]","time":{"start":1711837731637,"stop":1711837735029,"duration":3392},"status":"passed","steps":[],"attachments":[],"parameters":[],"shouldDisplayMessage":false,"stepsCount":0,"attachmentsCount":0,"hasContent":false,"attachmentStep":false},{"name":"CreateCampaign [2]","time":{"start":1711837735029,"stop":1711837749835,"duration":14806},"status":"passed","steps":[],"attachments":[],"parameters":[],"shouldDisplayMessage":false,"stepsCount":0,"attachmentsCount":0,"hasContent":false,"attachmentStep":false}],"testStage":{"status":"failed","statusMessage":"Unable to click the button after retry. First attempt: stale element reference: element is not attached to the page document\n  (Session info: chrome=109.0.5414.119); For documentation on this error, please visit: https://www.selenium.dev/documentation/webdriver/troubleshooting/errors#stale-element-reference-exception. Second attempt: element click intercepted: Element <a class=\"c-sidebar-nav-link small font-weight-bold py-2\" id=\"navItem_7\" title=\"Campaigns\" href=\"/LeadSources/Campaigns\">...</a> is not clickable at point (128, 505). Other element would receive the click: <div class=\"modal fade show\" id=\"leadSourceWelcomeDialog\" tabindex=\"-1\" role=\"dialog\" aria-labelledby=\"myModalLabel\" aria-modal=\"true\" style=\"display: block;\">...</div>\n  (Session info: chrome=109.0.5414.119). -> element click intercepted: Element <a class=\"c-sidebar-nav-link small font-weight-bold py-2\" id=\"navItem_7\" title=\"Campaigns\" href=\"/LeadSources/Campaigns\">...</a> is not clickable at point (128, 505). Other element would receive the click: <div class=\"modal fade show\" id=\"leadSourceWelcomeDialog\" tabindex=\"-1\" role=\"dialog\" aria-labelledby=\"myModalLabel\" aria-modal=\"true\" style=\"display: block;\">...</div>\n  (Session info: chrome=109.0.5414.119)","statusTrace":"System.Exception: Unable to click the button after retry. First attempt: stale element reference: element is not attached to the page document\n  (Session info: chrome=109.0.5414.119); For documentation on this error, please visit: https://www.selenium.dev/documentation/webdriver/troubleshooting/errors#stale-element-reference-exception. Second attempt: element click intercepted: Element <a class=\"c-sidebar-nav-link small font-weight-bold py-2\" id=\"navItem_7\" title=\"Campaigns\" href=\"/LeadSources/Campaigns\">...</a> is not clickable at point (128, 505). Other element would receive the click: <div class=\"modal fade show\" id=\"leadSourceWelcomeDialog\" tabindex=\"-1\" role=\"dialog\" aria-labelledby=\"myModalLabel\" aria-modal=\"true\" style=\"display: block;\">...</div>\n  (Session info: chrome=109.0.5414.119).\n ---> OpenQA.Selenium.ElementClickInterceptedException: element click intercepted: Element <a class=\"c-sidebar-nav-link small font-weight-bold py-2\" id=\"navItem_7\" title=\"Campaigns\" href=\"/LeadSources/Campaigns\">...</a> is not clickable at point (128, 505). Other element would receive the click: <div class=\"modal fade show\" id=\"leadSourceWelcomeDialog\" tabindex=\"-1\" role=\"dialog\" aria-labelledby=\"myModalLabel\" aria-modal=\"true\" style=\"display: block;\">...</div>\n  (Session info: chrome=109.0.5414.119)\n   at OpenQA.Selenium.WebDriver.UnpackAndThrowOnError(Response errorResponse, String commandToExecute)\n   at OpenQA.Selenium.WebDriver.Execute(String driverCommandToExecute, Dictionary`2 parameters)\n   at OpenQA.Selenium.WebElement.Click()\n   at ConfigurationProvider.Classes.Elements.Button.Click() in /home/runner/work/ClickPointAF/ClickPointAF/ConfigurationProvider/Elements/Button.cs:line 18\n   at System.Dynamic.UpdateDelegates.UpdateAndExecuteVoid1[T0](CallSite site, T0 arg0)\n   at TestSolution.PageObjects.BasePageObject.ClickButton(String elementName, String pageView, String[] arguments) in /home/runner/work/ClickPointAF/ClickPointAF/Tests/PageObjects/BasePageObject.cs:line 35\n   --- End of inner exception stack trace ---\n   at TestSolution.PageObjects.BasePageObject.ClickButton(String elementName, String pageView, String[] arguments) in /home/runner/work/ClickPointAF/ClickPointAF/Tests/PageObjects/BasePageObject.cs:line 39\n   at TestSolution.StepDefinitions.CommonSteps.GivenTheUserNavigatesToSection(String sectionName) in /home/runner/work/ClickPointAF/ClickPointAF/Tests/StepDefinitions/CommonStepDefinition.cs:line 14\n   at TechTalk.SpecFlow.Bindings.BindingInvoker.InvokeBinding(IBinding binding, IContextManager contextManager, Object[] arguments, ITestTracer testTracer, TimeSpan& duration)\n   at Allure.SpecFlowPlugin.AllureBindingInvoker.InvokeBinding(IBinding binding, IContextManager contextManager, Object[] arguments, ITestTracer testTracer, TimeSpan& duration)\n   at TechTalk.SpecFlow.Infrastructure.TestExecutionEngine.ExecuteStepMatch(BindingMatch match, Object[] arguments, TimeSpan& duration)\n   at TechTalk.SpecFlow.Infrastructure.TestExecutionEngine.ExecuteStep(IContextManager contextManager, StepInstance stepInstance)","steps":[{"name":"Given  the user navigates to \"Campaigns\" section","time":{"start":1711837749977,"stop":1711837754690,"duration":4713},"status":"failed","statusMessage":"Unable to click the button after retry. First attempt: stale element reference: element is not attached to the page document\n  (Session info: chrome=109.0.5414.119); For documentation on this error, please visit: https://www.selenium.dev/documentation/webdriver/troubleshooting/errors#stale-element-reference-exception. Second attempt: element click intercepted: Element <a class=\"c-sidebar-nav-link small font-weight-bold py-2\" id=\"navItem_7\" title=\"Campaigns\" href=\"/LeadSources/Campaigns\">...</a> is not clickable at point (128, 505). Other element would receive the click: <div class=\"modal fade show\" id=\"leadSourceWelcomeDialog\" tabindex=\"-1\" role=\"dialog\" aria-labelledby=\"myModalLabel\" aria-modal=\"true\" style=\"display: block;\">...</div>\n  (Session info: chrome=109.0.5414.119). -> element click intercepted: Element <a class=\"c-sidebar-nav-link small font-weight-bold py-2\" id=\"navItem_7\" title=\"Campaigns\" href=\"/LeadSources/Campaigns\">...</a> is not clickable at point (128, 505). Other element would receive the click: <div class=\"modal fade show\" id=\"leadSourceWelcomeDialog\" tabindex=\"-1\" role=\"dialog\" aria-labelledby=\"myModalLabel\" aria-modal=\"true\" style=\"display: block;\">...</div>\n  (Session info: chrome=109.0.5414.119)","statusTrace":"System.Exception: Unable to click the button after retry. First attempt: stale element reference: element is not attached to the page document\n  (Session info: chrome=109.0.5414.119); For documentation on this error, please visit: https://www.selenium.dev/documentation/webdriver/troubleshooting/errors#stale-element-reference-exception. Second attempt: element click intercepted: Element <a class=\"c-sidebar-nav-link small font-weight-bold py-2\" id=\"navItem_7\" title=\"Campaigns\" href=\"/LeadSources/Campaigns\">...</a> is not clickable at point (128, 505). Other element would receive the click: <div class=\"modal fade show\" id=\"leadSourceWelcomeDialog\" tabindex=\"-1\" role=\"dialog\" aria-labelledby=\"myModalLabel\" aria-modal=\"true\" style=\"display: block;\">...</div>\n  (Session info: chrome=109.0.5414.119).\n ---> OpenQA.Selenium.ElementClickInterceptedException: element click intercepted: Element <a class=\"c-sidebar-nav-link small font-weight-bold py-2\" id=\"navItem_7\" title=\"Campaigns\" href=\"/LeadSources/Campaigns\">...</a> is not clickable at point (128, 505). Other element would receive the click: <div class=\"modal fade show\" id=\"leadSourceWelcomeDialog\" tabindex=\"-1\" role=\"dialog\" aria-labelledby=\"myModalLabel\" aria-modal=\"true\" style=\"display: block;\">...</div>\n  (Session info: chrome=109.0.5414.119)\n   at OpenQA.Selenium.WebDriver.UnpackAndThrowOnError(Response errorResponse, String commandToExecute)\n   at OpenQA.Selenium.WebDriver.Execute(String driverCommandToExecute, Dictionary`2 parameters)\n   at OpenQA.Selenium.WebElement.Click()\n   at ConfigurationProvider.Classes.Elements.Button.Click() in /home/runner/work/ClickPointAF/ClickPointAF/ConfigurationProvider/Elements/Button.cs:line 18\n   at System.Dynamic.UpdateDelegates.UpdateAndExecuteVoid1[T0](CallSite site, T0 arg0)\n   at TestSolution.PageObjects.BasePageObject.ClickButton(String elementName, String pageView, String[] arguments) in /home/runner/work/ClickPointAF/ClickPointAF/Tests/PageObjects/BasePageObject.cs:line 35\n   --- End of inner exception stack trace ---\n   at TestSolution.PageObjects.BasePageObject.ClickButton(String elementName, String pageView, String[] arguments) in /home/runner/work/ClickPointAF/ClickPointAF/Tests/PageObjects/BasePageObject.cs:line 39\n   at TestSolution.StepDefinitions.CommonSteps.GivenTheUserNavigatesToSection(String sectionName) in /home/runner/work/ClickPointAF/ClickPointAF/Tests/StepDefinitions/CommonStepDefinition.cs:line 14\n   at TechTalk.SpecFlow.Bindings.BindingInvoker.InvokeBinding(IBinding binding, IContextManager contextManager, Object[] arguments, ITestTracer testTracer, TimeSpan& duration)\n   at Allure.SpecFlowPlugin.AllureBindingInvoker.InvokeBinding(IBinding binding, IContextManager contextManager, Object[] arguments, ITestTracer testTracer, TimeSpan& duration)\n   at TechTalk.SpecFlow.Infrastructure.TestExecutionEngine.ExecuteStepMatch(BindingMatch match, Object[] arguments, TimeSpan& duration)\n   at TechTalk.SpecFlow.Infrastructure.TestExecutionEngine.ExecuteStep(IContextManager contextManager, StepInstance stepInstance)","steps":[],"attachments":[],"parameters":[],"shouldDisplayMessage":true,"stepsCount":0,"attachmentsCount":0,"hasContent":true,"attachmentStep":false},{"name":"When  the user double clicks the recently created campaign","time":{"start":1711837754692,"stop":1711837754693,"duration":1},"status":"skipped","steps":[],"attachments":[],"parameters":[],"shouldDisplayMessage":false,"stepsCount":0,"attachmentsCount":0,"hasContent":false,"attachmentStep":false},{"name":"And  the user changes the price to \"random\"","time":{"start":1711837754695,"stop":1711837754695,"duration":0},"status":"skipped","steps":[],"attachments":[],"parameters":[],"shouldDisplayMessage":false,"stepsCount":0,"attachmentsCount":0,"hasContent":false,"attachmentStep":false}],"attachments":[],"parameters":[],"shouldDisplayMessage":false,"stepsCount":3,"attachmentsCount":0,"hasContent":true,"attachmentStep":false},"afterStages":[{"name":"DeleteCampaignAndLead [10000]","time":{"start":1711837754701,"stop":1711837765421,"duration":10720},"status":"passed","steps":[],"attachments":[],"parameters":[],"shouldDisplayMessage":false,"stepsCount":0,"attachmentsCount":0,"hasContent":false,"attachmentStep":false},{"name":"AfterScenario [10000]","time":{"start":1711837765421,"stop":1711837765615,"duration":194},"status":"passed","steps":[],"attachments":[],"parameters":[],"shouldDisplayMessage":false,"stepsCount":0,"attachmentsCount":0,"hasContent":false,"attachmentStep":false}],"labels":[{"name":"thread","value":"NonParallelWorker"},{"name":"host","value":"fv-az914-414"},{"name":"language","value":"C#"},{"name":"framework","value":"SpecFlow"},{"name":"feature","value":"Campaigns"},{"name":"tag","value":"CreateCampaign"},{"name":"resultFormat","value":"allure2"}],"parameters":[],"links":[],"hidden":false,"retry":false,"extra":{"severity":"normal","retries":[],"categories":[{"name":"Product defects","matchedStatuses":[],"flaky":false}],"tags":["CreateCampaign"]},"source":"885f3d9b32f22459.json","parameterValues":[]}