{"uid":"2777c4cb4d35424a","name":"Delete Lead","fullName":"Tests/Features/Lead Source/Delete Lead","historyId":"1df7efa112004c0608ac6472941318d2","time":{"start":1711839312553,"stop":1711839312555,"duration":2},"status":"broken","statusMessage":"The given key 'LeadData' was not present in the dictionary.","statusTrace":"System.Collections.Generic.KeyNotFoundException: The given key 'LeadData' was not present in the dictionary.\n   at System.Collections.Generic.Dictionary`2.get_Item(TKey key)\n   at TestSolution.Hooks.Hooks.DeleteCampaignAndLead(ScenarioContext scenarioContext) in /home/runner/work/ClickPointAF/ClickPointAF/Tests/Hooks/Hooks.cs:line 155\n   at TechTalk.SpecFlow.Bindings.BindingInvoker.InvokeBinding(IBinding binding, IContextManager contextManager, Object[] arguments, ITestTracer testTracer, TimeSpan& duration)\n   at Allure.SpecFlowPlugin.AllureBindingInvoker.CallBaseInvokeBinding(IBinding binding, IContextManager contextManager, Object[] arguments, ITestTracer testTracer)\n   at Allure.SpecFlowPlugin.AllureBindingInvoker.MakeFixtureFromScenarioHook(Action`2 callLastHook, Action`1 startFixture, IBinding binding, IContextManager contextManager, Object[] arguments, ITestTracer testTracer, HookBinding hook)","flaky":false,"newFailed":false,"newBroken":false,"newPassed":false,"retriesCount":0,"retriesStatusChange":false,"beforeStages":[{"name":"logBeforeFeatureExecution [10000]","time":{"start":1711839165578,"stop":1711839165578,"duration":0},"status":"passed","steps":[],"attachments":[],"parameters":[],"shouldDisplayMessage":false,"stepsCount":0,"attachmentsCount":0,"hasContent":false,"attachmentStep":false},{"name":"logBeforeScenarioExecution [0]","time":{"start":1711839252545,"stop":1711839252545,"duration":0},"status":"passed","steps":[],"attachments":[],"parameters":[],"shouldDisplayMessage":false,"stepsCount":0,"attachmentsCount":0,"hasContent":false,"attachmentStep":false},{"name":"BeforeScenario [1]","time":{"start":1711839252545,"stop":1711839312553,"duration":60008},"status":"broken","statusMessage":"The HTTP request to the remote WebDriver server for URL http://localhost:4444/session timed out after 60 seconds. -> The request was canceled due to the configured HttpClient.Timeout of 60 seconds elapsing. -> The operation was canceled. -> The operation was canceled. -> Unable to read data from the transport connection: Operation canceled. -> Operation canceled","statusTrace":"OpenQA.Selenium.WebDriverException: The HTTP request to the remote WebDriver server for URL http://localhost:4444/session timed out after 60 seconds.\n ---> System.Threading.Tasks.TaskCanceledException: The request was canceled due to the configured HttpClient.Timeout of 60 seconds elapsing.\n ---> System.TimeoutException: The operation was canceled.\n ---> System.Threading.Tasks.TaskCanceledException: The operation was canceled.\n ---> System.IO.IOException: Unable to read data from the transport connection: Operation canceled.\n ---> System.Net.Sockets.SocketException (125): Operation canceled\n   --- End of inner exception stack trace ---\n   at System.Net.Sockets.Socket.AwaitableSocketAsyncEventArgs.ThrowException(SocketError error, CancellationToken cancellationToken)\n   at System.Net.Sockets.Socket.AwaitableSocketAsyncEventArgs.System.Threading.Tasks.Sources.IValueTaskSource<System.Int32>.GetResult(Int16 token)\n   at System.Net.Http.HttpConnection.InitialFillAsync(Boolean async)\n   at System.Net.Http.HttpConnection.SendAsyncCore(HttpRequestMessage request, Boolean async, CancellationToken cancellationToken)\n   --- End of inner exception stack trace ---\n   at System.Net.Http.HttpConnection.SendAsyncCore(HttpRequestMessage request, Boolean async, CancellationToken cancellationToken)\n   at System.Net.Http.HttpConnectionPool.SendWithVersionDetectionAndRetryAsync(HttpRequestMessage request, Boolean async, Boolean doRequestAuth, CancellationToken cancellationToken)\n   at System.Net.Http.RedirectHandler.SendAsync(HttpRequestMessage request, Boolean async, CancellationToken cancellationToken)\n   at System.Net.Http.HttpClient.<SendAsync>g__Core|83_0(HttpRequestMessage request, HttpCompletionOption completionOption, CancellationTokenSource cts, Boolean disposeCts, CancellationTokenSource pendingRequestsCts, CancellationToken originalCancellationToken)\n   --- End of inner exception stack trace ---\n   --- End of inner exception stack trace ---\n   at System.Net.Http.HttpClient.HandleFailure(Exception e, Boolean telemetryStarted, HttpResponseMessage response, CancellationTokenSource cts, CancellationToken cancellationToken, CancellationTokenSource pendingRequestsCts)\n   at System.Net.Http.HttpClient.<SendAsync>g__Core|83_0(HttpRequestMessage request, HttpCompletionOption completionOption, CancellationTokenSource cts, Boolean disposeCts, CancellationTokenSource pendingRequestsCts, CancellationToken originalCancellationToken)\n   at OpenQA.Selenium.Remote.HttpCommandExecutor.MakeHttpRequest(HttpRequestInfo requestInfo)\n   at OpenQA.Selenium.Remote.HttpCommandExecutor.<>c__DisplayClass33_0.<<Execute>b__0>d.MoveNext()\n--- End of stack trace from previous location ---\n   at OpenQA.Selenium.Remote.HttpCommandExecutor.Execute(Command commandToExecute)\n   --- End of inner exception stack trace ---\n   at OpenQA.Selenium.Remote.HttpCommandExecutor.Execute(Command commandToExecute)\n   at OpenQA.Selenium.WebDriver.Execute(String driverCommandToExecute, Dictionary`2 parameters)\n   at OpenQA.Selenium.WebDriver.StartSession(ICapabilities capabilities)\n   at OpenQA.Selenium.WebDriver..ctor(ICommandExecutor executor, ICapabilities capabilities)\n   at OpenQA.Selenium.Remote.RemoteWebDriver..ctor(ICommandExecutor commandExecutor, ICapabilities capabilities)\n   at OpenQA.Selenium.Remote.RemoteWebDriver..ctor(Uri remoteAddress, ICapabilities capabilities, TimeSpan commandTimeout)\n   at OpenQA.Selenium.Remote.RemoteWebDriver..ctor(Uri remoteAddress, ICapabilities capabilities)\n   at WebDriverProvider.Classes.WebDriverFactory.InstantiateRemoteWebDriver(DriverOptions options, String seleniumGridUrl) in /home/runner/work/ClickPointAF/ClickPointAF/WebDriverProvider/Classes/WebDriverFactory.cs:line 48\n   at WebDriverProvider.Classes.WebDriverFactory.InstantiateWebDriver() in /home/runner/work/ClickPointAF/ClickPointAF/WebDriverProvider/Classes/WebDriverFactory.cs:line 40\n   at WebDriverProvider.Classes.WebDriverFactory..ctor(IWebDriverConfiguration configuration) in /home/runner/work/ClickPointAF/ClickPointAF/WebDriverProvider/Classes/WebDriverFactory.cs:line 23\n   at TestSolution.Hooks.Hooks.BeforeScenario(ScenarioContext scenarioContext) in /home/runner/work/ClickPointAF/ClickPointAF/Tests/Hooks/Hooks.cs:line 75\n   at TechTalk.SpecFlow.Bindings.BindingInvoker.InvokeBinding(IBinding binding, IContextManager contextManager, Object[] arguments, ITestTracer testTracer, TimeSpan& duration)\n   at Allure.SpecFlowPlugin.AllureBindingInvoker.CallBaseInvokeBinding(IBinding binding, IContextManager contextManager, Object[] arguments, ITestTracer testTracer)\n   at Allure.SpecFlowPlugin.AllureBindingInvoker.MakeFixtureFromScenarioHook(Action`2 callLastHook, Action`1 startFixture, IBinding binding, IContextManager contextManager, Object[] arguments, ITestTracer testTracer, HookBinding hook)","steps":[],"attachments":[],"parameters":[],"shouldDisplayMessage":true,"stepsCount":0,"attachmentsCount":0,"hasContent":true,"attachmentStep":false}],"testStage":{"status":"broken","statusMessage":"The given key 'LeadData' was not present in the dictionary.","statusTrace":"System.Collections.Generic.KeyNotFoundException: The given key 'LeadData' was not present in the dictionary.\n   at System.Collections.Generic.Dictionary`2.get_Item(TKey key)\n   at TestSolution.Hooks.Hooks.DeleteCampaignAndLead(ScenarioContext scenarioContext) in /home/runner/work/ClickPointAF/ClickPointAF/Tests/Hooks/Hooks.cs:line 155\n   at TechTalk.SpecFlow.Bindings.BindingInvoker.InvokeBinding(IBinding binding, IContextManager contextManager, Object[] arguments, ITestTracer testTracer, TimeSpan& duration)\n   at Allure.SpecFlowPlugin.AllureBindingInvoker.CallBaseInvokeBinding(IBinding binding, IContextManager contextManager, Object[] arguments, ITestTracer testTracer)\n   at Allure.SpecFlowPlugin.AllureBindingInvoker.MakeFixtureFromScenarioHook(Action`2 callLastHook, Action`1 startFixture, IBinding binding, IContextManager contextManager, Object[] arguments, ITestTracer testTracer, HookBinding hook)","steps":[{"name":"Given  the user navigates to \"Lead Source List\" section","time":{"start":1711839312553,"stop":1711839312553,"duration":0},"status":"skipped","steps":[],"attachments":[],"parameters":[],"shouldDisplayMessage":false,"stepsCount":0,"attachmentsCount":0,"hasContent":false,"attachmentStep":false},{"name":"When  the user deletes the recently created Lead Source","time":{"start":1711839312553,"stop":1711839312554,"duration":1},"status":"skipped","steps":[],"attachments":[],"parameters":[],"shouldDisplayMessage":false,"stepsCount":0,"attachmentsCount":0,"hasContent":false,"attachmentStep":false},{"name":"Then  the user validates that the new Lead Source is deleted","time":{"start":1711839312554,"stop":1711839312554,"duration":0},"status":"skipped","steps":[],"attachments":[],"parameters":[],"shouldDisplayMessage":false,"stepsCount":0,"attachmentsCount":0,"hasContent":false,"attachmentStep":false}],"attachments":[],"parameters":[],"shouldDisplayMessage":true,"stepsCount":3,"attachmentsCount":0,"hasContent":true,"attachmentStep":false},"afterStages":[{"name":"DeleteCampaignAndLead [10000]","time":{"start":1711839312555,"stop":1711839312555,"duration":0},"status":"broken","statusMessage":"The given key 'LeadData' was not present in the dictionary.","statusTrace":"System.Collections.Generic.KeyNotFoundException: The given key 'LeadData' was not present in the dictionary.\n   at System.Collections.Generic.Dictionary`2.get_Item(TKey key)\n   at TestSolution.Hooks.Hooks.DeleteCampaignAndLead(ScenarioContext scenarioContext) in /home/runner/work/ClickPointAF/ClickPointAF/Tests/Hooks/Hooks.cs:line 155\n   at TechTalk.SpecFlow.Bindings.BindingInvoker.InvokeBinding(IBinding binding, IContextManager contextManager, Object[] arguments, ITestTracer testTracer, TimeSpan& duration)\n   at Allure.SpecFlowPlugin.AllureBindingInvoker.CallBaseInvokeBinding(IBinding binding, IContextManager contextManager, Object[] arguments, ITestTracer testTracer)\n   at Allure.SpecFlowPlugin.AllureBindingInvoker.MakeFixtureFromScenarioHook(Action`2 callLastHook, Action`1 startFixture, IBinding binding, IContextManager contextManager, Object[] arguments, ITestTracer testTracer, HookBinding hook)","steps":[],"attachments":[],"parameters":[],"shouldDisplayMessage":true,"stepsCount":0,"attachmentsCount":0,"hasContent":true,"attachmentStep":false}],"labels":[{"name":"thread","value":"NonParallelWorker"},{"name":"host","value":"fv-az915-132"},{"name":"language","value":"C#"},{"name":"framework","value":"SpecFlow"},{"name":"feature","value":"Lead Source"},{"name":"tag","value":"CreateCampaignWithLead"},{"name":"resultFormat","value":"allure2"}],"parameters":[],"links":[],"hidden":false,"retry":false,"extra":{"severity":"normal","retries":[],"categories":[{"name":"Test defects","matchedStatuses":[],"flaky":false}],"tags":["CreateCampaignWithLead"]},"source":"2777c4cb4d35424a.json","parameterValues":[]}